[2025-06-08T14:53:39.700+0000] {taskinstance.py:1956} INFO - Dependencies all met for dep_context=non-requeueable deps ti=<TaskInstance: transform_customers_csv.run_transformation_eu scheduled__2025-06-05T00:00:00+00:00 [queued]>
[2025-06-08T14:53:39.763+0000] {taskinstance.py:1956} INFO - Dependencies all met for dep_context=requeueable deps ti=<TaskInstance: transform_customers_csv.run_transformation_eu scheduled__2025-06-05T00:00:00+00:00 [queued]>
[2025-06-08T14:53:39.770+0000] {taskinstance.py:2170} INFO - Starting attempt 1 of 1
[2025-06-08T14:53:39.955+0000] {taskinstance.py:2191} INFO - Executing <Task(_PythonDecoratedOperator): run_transformation_eu> on 2025-06-05 00:00:00+00:00
[2025-06-08T14:53:40.027+0000] {standard_task_runner.py:60} INFO - Started process 27416 to run task
[2025-06-08T14:53:40.062+0000] {standard_task_runner.py:87} INFO - Running: ['airflow', 'tasks', 'run', 'transform_customers_csv', 'run_transformation_eu', 'scheduled__2025-06-05T00:00:00+00:00', '--job-id', '432', '--raw', '--subdir', 'DAGS_FOLDER/staging/customer_to_staging.py', '--cfg-path', '/tmp/tmp6aesj4na']
[2025-06-08T14:53:40.096+0000] {standard_task_runner.py:88} INFO - Job 432: Subtask run_transformation_eu
[2025-06-08T14:53:40.219+0000] {logging_mixin.py:188} WARNING - /home/airflow/.local/lib/python3.10/site-packages/airflow/settings.py:194 DeprecationWarning: The sql_alchemy_conn option in [core] has been moved to the sql_alchemy_conn option in [database] - the old setting has been used, but please update your config.
[2025-06-08T14:53:40.488+0000] {task_command.py:423} INFO - Running <TaskInstance: transform_customers_csv.run_transformation_eu scheduled__2025-06-05T00:00:00+00:00 [running]> on host f7e9b9614623
[2025-06-08T14:53:41.761+0000] {taskinstance.py:2480} INFO - Exporting env vars: AIRFLOW_CTX_DAG_OWNER='airflow' AIRFLOW_CTX_DAG_ID='transform_customers_csv' AIRFLOW_CTX_TASK_ID='run_transformation_eu' AIRFLOW_CTX_EXECUTION_DATE='2025-06-05T00:00:00+00:00' AIRFLOW_CTX_TRY_NUMBER='1' AIRFLOW_CTX_DAG_RUN_ID='scheduled__2025-06-05T00:00:00+00:00'
[2025-06-08T14:53:41.769+0000] {logging_mixin.py:188} INFO - Starting transformation for table: customers in region: eu
[2025-06-08T14:53:55.755+0000] {local_task_job_runner.py:296} WARNING - DagRun timed out after 1:00:07.662730.
[2025-06-08T14:54:00.939+0000] {local_task_job_runner.py:296} WARNING - DagRun timed out after 1:00:12.847355.
[2025-06-08T14:54:00.942+0000] {local_task_job_runner.py:302} WARNING - State of this instance has been externally set to skipped. Terminating instance.
[2025-06-08T14:54:00.951+0000] {process_utils.py:131} INFO - Sending 15 to group 27416. PIDs of all processes in the group: [27447, 27416]
[2025-06-08T14:54:00.952+0000] {process_utils.py:86} INFO - Sending the signal 15 to group 27416
[2025-06-08T14:54:00.954+0000] {taskinstance.py:2450} ERROR - Received SIGTERM. Terminating subprocesses.
[2025-06-08T14:54:00.957+0000] {clientserver.py:538} INFO - Error while receiving.
Traceback (most recent call last):
  File "/home/airflow/.local/lib/python3.10/site-packages/py4j/clientserver.py", line 511, in send_command
    answer = smart_decode(self.stream.readline()[:-1])
  File "/usr/local/lib/python3.10/socket.py", line 705, in readinto
    return self._sock.recv_into(b)
  File "/home/airflow/.local/lib/python3.10/site-packages/airflow/models/taskinstance.py", line 2452, in signal_handler
    raise AirflowException("Task received SIGTERM signal")
airflow.exceptions.AirflowException: Task received SIGTERM signal
[2025-06-08T14:54:00.962+0000] {clientserver.py:543} INFO - Closing down clientserver connection
[2025-06-08T14:54:00.964+0000] {taskinstance.py:2698} ERROR - Task failed with exception
Traceback (most recent call last):
  File "/home/airflow/.local/lib/python3.10/site-packages/py4j/clientserver.py", line 511, in send_command
    answer = smart_decode(self.stream.readline()[:-1])
  File "/usr/local/lib/python3.10/socket.py", line 705, in readinto
    return self._sock.recv_into(b)
  File "/home/airflow/.local/lib/python3.10/site-packages/airflow/models/taskinstance.py", line 2452, in signal_handler
    raise AirflowException("Task received SIGTERM signal")
airflow.exceptions.AirflowException: Task received SIGTERM signal

During handling of the above exception, another exception occurred:

Traceback (most recent call last):
  File "/home/airflow/.local/lib/python3.10/site-packages/airflow/models/taskinstance.py", line 433, in _execute_task
    result = execute_callable(context=context, **execute_callable_kwargs)
  File "/home/airflow/.local/lib/python3.10/site-packages/airflow/decorators/base.py", line 241, in execute
    return_value = super().execute(context)
  File "/home/airflow/.local/lib/python3.10/site-packages/airflow/operators/python.py", line 199, in execute
    return_value = self.execute_callable()
  File "/home/airflow/.local/lib/python3.10/site-packages/airflow/operators/python.py", line 216, in execute_callable
    return self.python_callable(*self.op_args, **self.op_kwargs)
  File "/opt/airflow/dags/staging/customer_to_staging.py", line 91, in run_transformation_eu
    transform_customers_table(
  File "/opt/airflow/scripts/pyspark_jobs/customer.py", line 30, in transform_customers_table
    .getOrCreate()
  File "/home/airflow/.local/lib/python3.10/site-packages/pyspark/sql/session.py", line 497, in getOrCreate
    sc = SparkContext.getOrCreate(sparkConf)
  File "/home/airflow/.local/lib/python3.10/site-packages/pyspark/context.py", line 515, in getOrCreate
    SparkContext(conf=conf or SparkConf())
  File "/home/airflow/.local/lib/python3.10/site-packages/pyspark/context.py", line 201, in __init__
    SparkContext._ensure_initialized(self, gateway=gateway, conf=conf)
  File "/home/airflow/.local/lib/python3.10/site-packages/pyspark/context.py", line 436, in _ensure_initialized
    SparkContext._gateway = gateway or launch_gateway(conf)
  File "/home/airflow/.local/lib/python3.10/site-packages/pyspark/java_gateway.py", line 154, in launch_gateway
    java_import(gateway.jvm, "org.apache.spark.SparkConf")
  File "/home/airflow/.local/lib/python3.10/site-packages/py4j/java_gateway.py", line 180, in java_import
    answer = gateway_client.send_command(command)
  File "/home/airflow/.local/lib/python3.10/site-packages/py4j/java_gateway.py", line 1036, in send_command
    connection = self._get_connection()
  File "/home/airflow/.local/lib/python3.10/site-packages/py4j/clientserver.py", line 284, in _get_connection
    connection = self._create_new_connection()
  File "/home/airflow/.local/lib/python3.10/site-packages/py4j/clientserver.py", line 291, in _create_new_connection
    connection.connect_to_java_server()
  File "/home/airflow/.local/lib/python3.10/site-packages/py4j/clientserver.py", line 443, in connect_to_java_server
    self._authenticate_connection()
  File "/home/airflow/.local/lib/python3.10/site-packages/py4j/clientserver.py", line 459, in _authenticate_connection
    answer = self.send_command(cmd)
  File "/home/airflow/.local/lib/python3.10/site-packages/py4j/clientserver.py", line 539, in send_command
    raise Py4JNetworkError(
py4j.protocol.Py4JNetworkError: Error while sending or receiving
[2025-06-08T14:54:01.047+0000] {taskinstance.py:1138} INFO - Marking task as FAILED. dag_id=transform_customers_csv, task_id=run_transformation_eu, execution_date=20250605T000000, start_date=20250608T145339, end_date=20250608T145401
[2025-06-08T14:54:01.126+0000] {standard_task_runner.py:107} ERROR - Failed to execute job 432 for task run_transformation_eu (Error while sending or receiving; 27416)
[2025-06-08T14:54:01.174+0000] {process_utils.py:79} INFO - Process psutil.Process(pid=27416, status='terminated', exitcode=1, started='14:53:40') (27416) terminated with exit code 1
[2025-06-08T14:54:01.571+0000] {process_utils.py:79} INFO - Process psutil.Process(pid=27447, status='terminated', started='14:53:41') (27447) terminated with exit code None
