[2025-06-09T18:41:24.822+0000] {taskinstance.py:1956} INFO - Dependencies all met for dep_context=non-requeueable deps ti=<TaskInstance: multi_region_ods_merge_v2.process_table manual__2025-06-09T18:41:22.248228+00:00 [queued]>
[2025-06-09T18:41:24.834+0000] {taskinstance.py:1956} INFO - Dependencies all met for dep_context=requeueable deps ti=<TaskInstance: multi_region_ods_merge_v2.process_table manual__2025-06-09T18:41:22.248228+00:00 [queued]>
[2025-06-09T18:41:24.835+0000] {taskinstance.py:2170} INFO - Starting attempt 1 of 2
[2025-06-09T18:41:24.853+0000] {taskinstance.py:2191} INFO - Executing <Task(_PythonDecoratedOperator): process_table> on 2025-06-09 18:41:22.248228+00:00
[2025-06-09T18:41:24.859+0000] {standard_task_runner.py:60} INFO - Started process 12073 to run task
[2025-06-09T18:41:24.863+0000] {standard_task_runner.py:87} INFO - Running: ['airflow', 'tasks', 'run', 'multi_region_ods_merge_v2', 'process_table', 'manual__2025-06-09T18:41:22.248228+00:00', '--job-id', '900', '--raw', '--subdir', 'DAGS_FOLDER/master_ods_dag.py', '--cfg-path', '/tmp/tmp3y1gacnq']
[2025-06-09T18:41:24.865+0000] {standard_task_runner.py:88} INFO - Job 900: Subtask process_table
[2025-06-09T18:41:24.926+0000] {task_command.py:423} INFO - Running <TaskInstance: multi_region_ods_merge_v2.process_table manual__2025-06-09T18:41:22.248228+00:00 [running]> on host 363551e04744
[2025-06-09T18:41:25.036+0000] {taskinstance.py:2480} INFO - Exporting env vars: AIRFLOW_CTX_DAG_OWNER='data-team' AIRFLOW_CTX_DAG_ID='multi_region_ods_merge_v2' AIRFLOW_CTX_TASK_ID='process_table' AIRFLOW_CTX_EXECUTION_DATE='2025-06-09T18:41:22.248228+00:00' AIRFLOW_CTX_TRY_NUMBER='1' AIRFLOW_CTX_DAG_RUN_ID='manual__2025-06-09T18:41:22.248228+00:00'
[2025-06-09T18:41:25.037+0000] {logging_mixin.py:188} INFO - Processing table products for region asia in schema STAGING_ASIA
[2025-06-09T18:41:25.037+0000] {logging_mixin.py:188} INFO - Running MERGE SQL:

        MERGE INTO ods.products AS ods
        USING (
            SELECT
                p.product_sku,
                p.product_name,
                p.product_description,
                p.category_id,
                ROUND(p.price_jpy * e.rate_to_usd, 2) AS price_usd,
                ROUND(p.cost_jpy * e.rate_to_usd, 2) AS cost_usd,
                p.weight_kg, p.length_cm, p.width_cm, p.height_cm,
                NULL AS vat_rate,
                NULL AS energy_rating,
                p.is_active,
                p.created_at,
                CURRENT_TIMESTAMP AS updated_at,
                'ASIA' AS source_region,
                p._source AS source_system
            FROM staging_asia.products p
            JOIN exchange_rates e ON e.currency_code = 'JPY'
        ) src
        ON ods.product_sku = src.product_sku
        WHEN MATCHED THEN UPDATE SET
            product_name = src.product_name,
            product_description = src.product_description,
            category_id = src.category_id,
            price_usd = src.price_usd,
            cost_usd = src.cost_usd,
            weight_kg = src.weight_kg,
            length_cm = src.length_cm,
            width_cm = src.width_cm,
            height_cm = src.height_cm,
            vat_rate = src.vat_rate,
            energy_rating = src.energy_rating,
            is_active = src.is_active,
            updated_at = src.updated_at,
            source_region = src.source_region,
            source_system = src.source_system
        WHEN NOT MATCHED THEN INSERT (
            product_sku, product_name, product_description, category_id,
            price_usd, cost_usd, weight_kg, length_cm, width_cm, height_cm,
            vat_rate, energy_rating, is_active, created_at, updated_at,
            source_region, source_system
        ) VALUES (
            src.product_sku, src.product_name, src.product_description, src.category_id,
            src.price_usd, src.cost_usd, src.weight_kg, src.length_cm, src.width_cm, src.height_cm,
            src.vat_rate, src.energy_rating, src.is_active, src.created_at, src.updated_at,
            src.source_region, src.source_system
        );
        
[2025-06-09T18:41:25.053+0000] {base.py:83} INFO - Using connection ID 'snowflake_ods' for task execution.
[2025-06-09T18:41:25.054+0000] {connection.py:486} INFO - Snowflake Connector for Python Version: 3.15.0, Python Version: 3.10.13, Platform: Linux-6.11.0-26-generic-x86_64-with-glibc2.36
[2025-06-09T18:41:25.054+0000] {connection.py:1391} INFO - Connecting to GLOBAL Snowflake domain
[2025-06-09T18:41:26.556+0000] {connection.py:547} WARNING - Certificate did not match expected hostname: spb81014.us-west-2.aws.snowflakecomputing.com. Certificate: {'subject': ((('commonName', '*.prod3.us-west-2.snowflakecomputing.com'),),), 'subjectAltName': [('DNS', '*.prod3.us-west-2.snowflakecomputing.com'), ('DNS', '*.us-west-2.snowflakecomputing.com'), ('DNS', '*.global.snowflakecomputing.com'), ('DNS', '*.snowflakecomputing.com'), ('DNS', '*.prod3.us-west-2.aws.snowflakecomputing.com')]}
[2025-06-09T18:41:26.557+0000] {connectionpool.py:824} WARNING - Retrying (Retry(total=0, connect=None, read=None, redirect=None, status=None)) after connection broken by 'SSLError(CertificateError("hostname 'spb81014.us-west-2.aws.snowflakecomputing.com' doesn't match either of '*.prod3.us-west-2.snowflakecomputing.com', '*.us-west-2.snowflakecomputing.com', '*.global.snowflakecomputing.com', '*.snowflakecomputing.com', '*.prod3.us-west-2.aws.snowflakecomputing.com'"))': /session/v1/login-request?request_id=95251916-1736-4ae6-9296-c9ef4b8ef2c7&databaseName=retail_dwh&schemaName=ods&warehouse=COMPUTE_WH&roleName=ACCOUNTADMIN&request_guid=06a113fc-0483-49bf-b65b-cec959619051
[2025-06-09T18:41:27.754+0000] {connection.py:547} WARNING - Certificate did not match expected hostname: spb81014.us-west-2.aws.snowflakecomputing.com. Certificate: {'subject': ((('commonName', '*.prod3.us-west-2.snowflakecomputing.com'),),), 'subjectAltName': [('DNS', '*.prod3.us-west-2.snowflakecomputing.com'), ('DNS', '*.us-west-2.snowflakecomputing.com'), ('DNS', '*.global.snowflakecomputing.com'), ('DNS', '*.snowflakecomputing.com'), ('DNS', '*.prod3.us-west-2.aws.snowflakecomputing.com')]}
[2025-06-09T18:41:29.998+0000] {connection.py:547} WARNING - Certificate did not match expected hostname: spb81014.us-west-2.aws.snowflakecomputing.com. Certificate: {'subject': ((('commonName', '*.prod3.us-west-2.snowflakecomputing.com'),),), 'subjectAltName': [('DNS', '*.prod3.us-west-2.snowflakecomputing.com'), ('DNS', '*.us-west-2.snowflakecomputing.com'), ('DNS', '*.global.snowflakecomputing.com'), ('DNS', '*.snowflakecomputing.com'), ('DNS', '*.prod3.us-west-2.aws.snowflakecomputing.com')]}
[2025-06-09T18:41:30.000+0000] {connectionpool.py:824} WARNING - Retrying (Retry(total=0, connect=None, read=None, redirect=None, status=None)) after connection broken by 'SSLError(CertificateError("hostname 'spb81014.us-west-2.aws.snowflakecomputing.com' doesn't match either of '*.prod3.us-west-2.snowflakecomputing.com', '*.us-west-2.snowflakecomputing.com', '*.global.snowflakecomputing.com', '*.snowflakecomputing.com', '*.prod3.us-west-2.aws.snowflakecomputing.com'"))': /session/v1/login-request?request_id=64d1fe19-8854-4c9a-aaa9-78cde88a1013&databaseName=retail_dwh&schemaName=ods&warehouse=COMPUTE_WH&roleName=ACCOUNTADMIN&request_guid=536f358f-42d3-4021-87d8-d7e132810b91
[2025-06-09T18:41:31.022+0000] {connection.py:547} WARNING - Certificate did not match expected hostname: spb81014.us-west-2.aws.snowflakecomputing.com. Certificate: {'subject': ((('commonName', '*.prod3.us-west-2.snowflakecomputing.com'),),), 'subjectAltName': [('DNS', '*.prod3.us-west-2.snowflakecomputing.com'), ('DNS', '*.us-west-2.snowflakecomputing.com'), ('DNS', '*.global.snowflakecomputing.com'), ('DNS', '*.snowflakecomputing.com'), ('DNS', '*.prod3.us-west-2.aws.snowflakecomputing.com')]}
[2025-06-09T18:41:31.028+0000] {taskinstance.py:2698} ERROR - Task failed with exception
Traceback (most recent call last):
  File "/home/airflow/.local/lib/python3.10/site-packages/snowflake/connector/vendored/urllib3/connectionpool.py", line 715, in urlopen
    httplib_response = self._make_request(
  File "/home/airflow/.local/lib/python3.10/site-packages/snowflake/connector/vendored/urllib3/connectionpool.py", line 404, in _make_request
    self._validate_conn(conn)
  File "/home/airflow/.local/lib/python3.10/site-packages/snowflake/connector/vendored/urllib3/connectionpool.py", line 1058, in _validate_conn
    conn.connect()
  File "/home/airflow/.local/lib/python3.10/site-packages/snowflake/connector/vendored/urllib3/connection.py", line 472, in connect
    _match_hostname(cert, self.assert_hostname or server_hostname)
  File "/home/airflow/.local/lib/python3.10/site-packages/snowflake/connector/vendored/urllib3/connection.py", line 545, in _match_hostname
    match_hostname(cert, asserted_hostname)
  File "/home/airflow/.local/lib/python3.10/site-packages/snowflake/connector/vendored/urllib3/util/ssl_match_hostname.py", line 150, in match_hostname
    raise CertificateError(
snowflake.connector.vendored.urllib3.util.ssl_match_hostname.CertificateError: hostname 'spb81014.us-west-2.aws.snowflakecomputing.com' doesn't match either of '*.prod3.us-west-2.snowflakecomputing.com', '*.us-west-2.snowflakecomputing.com', '*.global.snowflakecomputing.com', '*.snowflakecomputing.com', '*.prod3.us-west-2.aws.snowflakecomputing.com'

During handling of the above exception, another exception occurred:

Traceback (most recent call last):
  File "/home/airflow/.local/lib/python3.10/site-packages/snowflake/connector/vendored/requests/adapters.py", line 485, in send
    resp = conn.urlopen(
  File "/home/airflow/.local/lib/python3.10/site-packages/snowflake/connector/vendored/urllib3/connectionpool.py", line 827, in urlopen
    return self.urlopen(
  File "/home/airflow/.local/lib/python3.10/site-packages/snowflake/connector/vendored/urllib3/connectionpool.py", line 799, in urlopen
    retries = retries.increment(
  File "/home/airflow/.local/lib/python3.10/site-packages/snowflake/connector/vendored/urllib3/util/retry.py", line 592, in increment
    raise MaxRetryError(_pool, url, error or ResponseError(cause))
snowflake.connector.vendored.urllib3.exceptions.MaxRetryError: HTTPSConnectionPool(host='spb81014.us-west-2.aws.snowflakecomputing.com', port=443): Max retries exceeded with url: /session/v1/login-request?request_id=95251916-1736-4ae6-9296-c9ef4b8ef2c7&databaseName=retail_dwh&schemaName=ods&warehouse=COMPUTE_WH&roleName=ACCOUNTADMIN&request_guid=06a113fc-0483-49bf-b65b-cec959619051 (Caused by SSLError(CertificateError("hostname 'spb81014.us-west-2.aws.snowflakecomputing.com' doesn't match either of '*.prod3.us-west-2.snowflakecomputing.com', '*.us-west-2.snowflakecomputing.com', '*.global.snowflakecomputing.com', '*.snowflakecomputing.com', '*.prod3.us-west-2.aws.snowflakecomputing.com'")))

During handling of the above exception, another exception occurred:

Traceback (most recent call last):
  File "/home/airflow/.local/lib/python3.10/site-packages/snowflake/connector/network.py", line 1091, in _request_exec
    raw_ret = session.request(
  File "/home/airflow/.local/lib/python3.10/site-packages/snowflake/connector/vendored/requests/sessions.py", line 589, in request
    resp = self.send(prep, **send_kwargs)
  File "/home/airflow/.local/lib/python3.10/site-packages/snowflake/connector/vendored/requests/sessions.py", line 703, in send
    r = adapter.send(request, **kwargs)
  File "/home/airflow/.local/lib/python3.10/site-packages/snowflake/connector/vendored/requests/adapters.py", line 516, in send
    raise SSLError(e, request=request)
snowflake.connector.vendored.requests.exceptions.SSLError: HTTPSConnectionPool(host='spb81014.us-west-2.aws.snowflakecomputing.com', port=443): Max retries exceeded with url: /session/v1/login-request?request_id=95251916-1736-4ae6-9296-c9ef4b8ef2c7&databaseName=retail_dwh&schemaName=ods&warehouse=COMPUTE_WH&roleName=ACCOUNTADMIN&request_guid=06a113fc-0483-49bf-b65b-cec959619051 (Caused by SSLError(CertificateError("hostname 'spb81014.us-west-2.aws.snowflakecomputing.com' doesn't match either of '*.prod3.us-west-2.snowflakecomputing.com', '*.us-west-2.snowflakecomputing.com', '*.global.snowflakecomputing.com', '*.snowflakecomputing.com', '*.prod3.us-west-2.aws.snowflakecomputing.com'")))

During handling of the above exception, another exception occurred:

Traceback (most recent call last):
  File "/home/airflow/.local/lib/python3.10/site-packages/snowflake/connector/connection.py", line 1647, in _authenticate
    auth.authenticate(
  File "/home/airflow/.local/lib/python3.10/site-packages/snowflake/connector/auth/_auth.py", line 226, in authenticate
    ret = self._rest._post_request(
  File "/home/airflow/.local/lib/python3.10/site-packages/snowflake/connector/network.py", line 759, in _post_request
    ret = self.fetch(
  File "/home/airflow/.local/lib/python3.10/site-packages/snowflake/connector/network.py", line 874, in fetch
    ret = self._request_exec_wrapper(
  File "/home/airflow/.local/lib/python3.10/site-packages/snowflake/connector/network.py", line 1002, in _request_exec_wrapper
    raise e
  File "/home/airflow/.local/lib/python3.10/site-packages/snowflake/connector/network.py", line 924, in _request_exec_wrapper
    return_object = self._request_exec(
  File "/home/airflow/.local/lib/python3.10/site-packages/snowflake/connector/network.py", line 1161, in _request_exec
    Error.errorhandler_wrapper(
  File "/home/airflow/.local/lib/python3.10/site-packages/snowflake/connector/errors.py", line 279, in errorhandler_wrapper
    handed_over = Error.hand_to_other_handler(
  File "/home/airflow/.local/lib/python3.10/site-packages/snowflake/connector/errors.py", line 337, in hand_to_other_handler
    connection.errorhandler(connection, cursor, error_class, error_value)
  File "/home/airflow/.local/lib/python3.10/site-packages/snowflake/connector/errors.py", line 210, in default_errorhandler
    raise error_class(
snowflake.connector.errors.OperationalError: 250003: 250003: Hit non-retryable SSL error, HTTPSConnectionPool(host='spb81014.us-west-2.aws.snowflakecomputing.com', port=443): Max retries exceeded with url: /session/v1/login-request?request_id=95251916-1736-4ae6-9296-c9ef4b8ef2c7&databaseName=retail_dwh&schemaName=ods&warehouse=COMPUTE_WH&roleName=ACCOUNTADMIN&request_guid=06a113fc-0483-49bf-b65b-cec959619051 (Caused by SSLError(CertificateError("hostname 'spb81014.us-west-2.aws.snowflakecomputing.com' doesn't match either of '*.prod3.us-west-2.snowflakecomputing.com', '*.us-west-2.snowflakecomputing.com', '*.global.snowflakecomputing.com', '*.snowflakecomputing.com', '*.prod3.us-west-2.aws.snowflakecomputing.com'"))).
Verify that the hostnames and port numbers in SYSTEM$ALLOWLIST are added to your firewall's allowed list.
To further troubleshoot your connection you may reference the following article: https://docs.snowflake.com/en/user-guide/client-connectivity-troubleshooting/overview.

The above exception was the direct cause of the following exception:

Traceback (most recent call last):
  File "/home/airflow/.local/lib/python3.10/site-packages/airflow/models/taskinstance.py", line 433, in _execute_task
    result = execute_callable(context=context, **execute_callable_kwargs)
  File "/home/airflow/.local/lib/python3.10/site-packages/airflow/decorators/base.py", line 241, in execute
    return_value = super().execute(context)
  File "/home/airflow/.local/lib/python3.10/site-packages/airflow/operators/python.py", line 199, in execute
    return_value = self.execute_callable()
  File "/home/airflow/.local/lib/python3.10/site-packages/airflow/operators/python.py", line 216, in execute_callable
    return self.python_callable(*self.op_args, **self.op_kwargs)
  File "/opt/airflow/dags/master_ods_dag.py", line 126, in process_table
    hook.run(merge_sql)
  File "/home/airflow/.local/lib/python3.10/site-packages/airflow/providers/snowflake/hooks/snowflake.py", line 382, in run
    with closing(self.get_conn()) as conn:
  File "/home/airflow/.local/lib/python3.10/site-packages/airflow/providers/snowflake/hooks/snowflake.py", line 276, in get_conn
    conn = connector.connect(**conn_config)
  File "/home/airflow/.local/lib/python3.10/site-packages/snowflake/connector/__init__.py", line 54, in Connect
    return SnowflakeConnection(**kwargs)
  File "/home/airflow/.local/lib/python3.10/site-packages/snowflake/connector/connection.py", line 548, in __init__
    self.connect(**kwargs)
  File "/home/airflow/.local/lib/python3.10/site-packages/snowflake/connector/connection.py", line 901, in connect
    self.__open_connection()
  File "/home/airflow/.local/lib/python3.10/site-packages/snowflake/connector/connection.py", line 1293, in __open_connection
    self.authenticate_with_retry(self.auth_class)
  File "/home/airflow/.local/lib/python3.10/site-packages/snowflake/connector/connection.py", line 1615, in authenticate_with_retry
    self._authenticate(auth_instance)
  File "/home/airflow/.local/lib/python3.10/site-packages/snowflake/connector/connection.py", line 1693, in _authenticate
    raise auth_op from e
  File "/home/airflow/.local/lib/python3.10/site-packages/snowflake/connector/connection.py", line 1668, in _authenticate
    auth_instance.handle_timeout(
  File "/home/airflow/.local/lib/python3.10/site-packages/snowflake/connector/auth/by_plugin.py", line 211, in handle_timeout
    raise error
snowflake.connector.errors.OperationalError: 250001: 250001: Could not connect to Snowflake backend after 2 attempt(s).Aborting
Verify that the hostnames and port numbers in SYSTEM$ALLOWLIST are added to your firewall's allowed list.
To further troubleshoot your connection you may reference the following article: https://docs.snowflake.com/en/user-guide/client-connectivity-troubleshooting/overview.
[2025-06-09T18:41:31.048+0000] {taskinstance.py:1138} INFO - Marking task as UP_FOR_RETRY. dag_id=multi_region_ods_merge_v2, task_id=process_table, execution_date=20250609T184122, start_date=20250609T184124, end_date=20250609T184131
[2025-06-09T18:41:31.098+0000] {standard_task_runner.py:107} ERROR - Failed to execute job 900 for task process_table (250001: 250001: Could not connect to Snowflake backend after 2 attempt(s).Aborting
Verify that the hostnames and port numbers in SYSTEM$ALLOWLIST are added to your firewall's allowed list.
To further troubleshoot your connection you may reference the following article: https://docs.snowflake.com/en/user-guide/client-connectivity-troubleshooting/overview.; 12073)
[2025-06-09T18:41:31.115+0000] {local_task_job_runner.py:234} INFO - Task exited with return code 1
[2025-06-09T18:41:31.165+0000] {taskinstance.py:3280} INFO - 0 downstream tasks scheduled from follow-on schedule check
