[2025-06-11T15:56:44.960+0000] {taskinstance.py:1956} INFO - Dependencies all met for dep_context=non-requeueable deps ti=<TaskInstance: extract_postgres_table_to_parquet.run_extraction_eu manual__2025-06-11T15:04:44.549280+00:00 [queued]>
[2025-06-11T15:56:44.987+0000] {taskinstance.py:1956} INFO - Dependencies all met for dep_context=requeueable deps ti=<TaskInstance: extract_postgres_table_to_parquet.run_extraction_eu manual__2025-06-11T15:04:44.549280+00:00 [queued]>
[2025-06-11T15:56:44.988+0000] {taskinstance.py:2170} INFO - Starting attempt 1 of 1
[2025-06-11T15:56:45.028+0000] {taskinstance.py:2191} INFO - Executing <Task(_PythonDecoratedOperator): run_extraction_eu> on 2025-06-11 15:04:44.549280+00:00
[2025-06-11T15:56:45.053+0000] {standard_task_runner.py:60} INFO - Started process 8419 to run task
[2025-06-11T15:56:45.067+0000] {standard_task_runner.py:87} INFO - Running: ['airflow', 'tasks', 'run', 'extract_postgres_table_to_parquet', 'run_extraction_eu', 'manual__2025-06-11T15:04:44.549280+00:00', '--job-id', '148', '--raw', '--subdir', 'DAGS_FOLDER/asia/landing.py', '--cfg-path', '/tmp/tmp06hkw08e']
[2025-06-11T15:56:45.072+0000] {standard_task_runner.py:88} INFO - Job 148: Subtask run_extraction_eu
[2025-06-11T15:56:45.302+0000] {task_command.py:423} INFO - Running <TaskInstance: extract_postgres_table_to_parquet.run_extraction_eu manual__2025-06-11T15:04:44.549280+00:00 [running]> on host 5950010ae7c1
[2025-06-11T15:56:45.663+0000] {taskinstance.py:2480} INFO - Exporting env vars: AIRFLOW_CTX_DAG_OWNER='airflow' AIRFLOW_CTX_DAG_ID='extract_postgres_table_to_parquet' AIRFLOW_CTX_TASK_ID='run_extraction_eu' AIRFLOW_CTX_EXECUTION_DATE='2025-06-11T15:04:44.549280+00:00' AIRFLOW_CTX_TRY_NUMBER='1' AIRFLOW_CTX_DAG_RUN_ID='manual__2025-06-11T15:04:44.549280+00:00'
[2025-06-11T15:56:45.666+0000] {logging_mixin.py:188} INFO - Starting extraction for table: categories in region: eu
[2025-06-11T15:56:45.666+0000] {logging_mixin.py:188} INFO - load_date:::::2025-06-11
[2025-06-11T15:57:12.669+0000] {logging_mixin.py:188} INFO - Vector(spark://5950010ae7c1:39185/jars/spark-snowflake_2.12-2.16.0-spark_3.2.jar, spark://5950010ae7c1:39185/jars/postgresql-42.7.3.jar, spark://5950010ae7c1:39185/jars/snowflake-jdbc-3.13.17.jar)
[2025-06-11T15:57:32.144+0000] {logging_mixin.py:188} INFO - [INFO] No data found in eu.categories
[2025-06-11T15:57:32.889+0000] {logging_mixin.py:188} INFO - Starting extraction for table: products in region: eu
[2025-06-11T15:57:32.890+0000] {logging_mixin.py:188} INFO - load_date:::::2025-06-11
[2025-06-11T15:57:35.156+0000] {logging_mixin.py:188} INFO - Vector(spark://5950010ae7c1:37701/jars/snowflake-jdbc-3.13.17.jar, spark://5950010ae7c1:37701/jars/postgresql-42.7.3.jar, spark://5950010ae7c1:37701/jars/spark-snowflake_2.12-2.16.0-spark_3.2.jar)
[2025-06-11T15:58:42.134+0000] {job.py:213} ERROR - Job heartbeat got an exception
Traceback (most recent call last):
  File "/home/airflow/.local/lib/python3.10/site-packages/sqlalchemy/engine/base.py", line 3371, in _wrap_pool_connect
    return fn()
  File "/home/airflow/.local/lib/python3.10/site-packages/sqlalchemy/pool/base.py", line 327, in connect
    return _ConnectionFairy._checkout(self)
  File "/home/airflow/.local/lib/python3.10/site-packages/sqlalchemy/pool/base.py", line 894, in _checkout
    fairy = _ConnectionRecord.checkout(pool)
  File "/home/airflow/.local/lib/python3.10/site-packages/sqlalchemy/pool/base.py", line 493, in checkout
    rec = pool._do_get()
  File "/home/airflow/.local/lib/python3.10/site-packages/sqlalchemy/pool/impl.py", line 256, in _do_get
    return self._create_connection()
  File "/home/airflow/.local/lib/python3.10/site-packages/sqlalchemy/pool/base.py", line 273, in _create_connection
    return _ConnectionRecord(self)
  File "/home/airflow/.local/lib/python3.10/site-packages/sqlalchemy/pool/base.py", line 388, in __init__
    self.__connect()
  File "/home/airflow/.local/lib/python3.10/site-packages/sqlalchemy/pool/base.py", line 690, in __connect
    with util.safe_reraise():
  File "/home/airflow/.local/lib/python3.10/site-packages/sqlalchemy/util/langhelpers.py", line 70, in __exit__
    compat.raise_(
  File "/home/airflow/.local/lib/python3.10/site-packages/sqlalchemy/util/compat.py", line 211, in raise_
    raise exception
  File "/home/airflow/.local/lib/python3.10/site-packages/sqlalchemy/pool/base.py", line 686, in __connect
    self.dbapi_connection = connection = pool._invoke_creator(self)
  File "/home/airflow/.local/lib/python3.10/site-packages/sqlalchemy/engine/create.py", line 574, in connect
    return dialect.connect(*cargs, **cparams)
  File "/home/airflow/.local/lib/python3.10/site-packages/sqlalchemy/engine/default.py", line 598, in connect
    return self.dbapi.connect(*cargs, **cparams)
  File "/home/airflow/.local/lib/python3.10/site-packages/psycopg2/__init__.py", line 122, in connect
    conn = _connect(dsn, connection_factory=connection_factory, **kwasync)
psycopg2.OperationalError: could not translate host name "postgres" to address: Temporary failure in name resolution


The above exception was the direct cause of the following exception:

Traceback (most recent call last):
  File "/home/airflow/.local/lib/python3.10/site-packages/airflow/jobs/job.py", line 187, in heartbeat
    self._merge_from(Job._fetch_from_db(self, session))
  File "/home/airflow/.local/lib/python3.10/site-packages/airflow/api_internal/internal_api_call.py", line 114, in wrapper
    return func(*args, **kwargs)
  File "/home/airflow/.local/lib/python3.10/site-packages/airflow/utils/session.py", line 76, in wrapper
    return func(*args, **kwargs)
  File "/home/airflow/.local/lib/python3.10/site-packages/airflow/jobs/job.py", line 308, in _fetch_from_db
    session.merge(job)
  File "/home/airflow/.local/lib/python3.10/site-packages/sqlalchemy/orm/session.py", line 3056, in merge
    return self._merge(
  File "/home/airflow/.local/lib/python3.10/site-packages/sqlalchemy/orm/session.py", line 3136, in _merge
    merged = self.get(
  File "/home/airflow/.local/lib/python3.10/site-packages/sqlalchemy/orm/session.py", line 2853, in get
    return self._get_impl(
  File "/home/airflow/.local/lib/python3.10/site-packages/sqlalchemy/orm/session.py", line 2975, in _get_impl
    return db_load_fn(
  File "/home/airflow/.local/lib/python3.10/site-packages/sqlalchemy/orm/loading.py", line 530, in load_on_pk_identity
    session.execute(
  File "/home/airflow/.local/lib/python3.10/site-packages/sqlalchemy/orm/session.py", line 1716, in execute
    conn = self._connection_for_bind(bind)
  File "/home/airflow/.local/lib/python3.10/site-packages/sqlalchemy/orm/session.py", line 1555, in _connection_for_bind
    return self._transaction._connection_for_bind(
  File "/home/airflow/.local/lib/python3.10/site-packages/sqlalchemy/orm/session.py", line 750, in _connection_for_bind
    conn = bind.connect()
  File "/home/airflow/.local/lib/python3.10/site-packages/sqlalchemy/future/engine.py", line 412, in connect
    return super(Engine, self).connect()
  File "/home/airflow/.local/lib/python3.10/site-packages/sqlalchemy/engine/base.py", line 3325, in connect
    return self._connection_cls(self, close_with_result=close_with_result)
  File "/home/airflow/.local/lib/python3.10/site-packages/sqlalchemy/engine/base.py", line 96, in __init__
    else engine.raw_connection()
  File "/home/airflow/.local/lib/python3.10/site-packages/sqlalchemy/engine/base.py", line 3404, in raw_connection
    return self._wrap_pool_connect(self.pool.connect, _connection)
  File "/home/airflow/.local/lib/python3.10/site-packages/sqlalchemy/engine/base.py", line 3374, in _wrap_pool_connect
    Connection._handle_dbapi_exception_noconnection(
  File "/home/airflow/.local/lib/python3.10/site-packages/sqlalchemy/engine/base.py", line 2208, in _handle_dbapi_exception_noconnection
    util.raise_(
  File "/home/airflow/.local/lib/python3.10/site-packages/sqlalchemy/util/compat.py", line 211, in raise_
    raise exception
  File "/home/airflow/.local/lib/python3.10/site-packages/sqlalchemy/engine/base.py", line 3371, in _wrap_pool_connect
    return fn()
  File "/home/airflow/.local/lib/python3.10/site-packages/sqlalchemy/pool/base.py", line 327, in connect
    return _ConnectionFairy._checkout(self)
  File "/home/airflow/.local/lib/python3.10/site-packages/sqlalchemy/pool/base.py", line 894, in _checkout
    fairy = _ConnectionRecord.checkout(pool)
  File "/home/airflow/.local/lib/python3.10/site-packages/sqlalchemy/pool/base.py", line 493, in checkout
    rec = pool._do_get()
  File "/home/airflow/.local/lib/python3.10/site-packages/sqlalchemy/pool/impl.py", line 256, in _do_get
    return self._create_connection()
  File "/home/airflow/.local/lib/python3.10/site-packages/sqlalchemy/pool/base.py", line 273, in _create_connection
    return _ConnectionRecord(self)
  File "/home/airflow/.local/lib/python3.10/site-packages/sqlalchemy/pool/base.py", line 388, in __init__
    self.__connect()
  File "/home/airflow/.local/lib/python3.10/site-packages/sqlalchemy/pool/base.py", line 690, in __connect
    with util.safe_reraise():
  File "/home/airflow/.local/lib/python3.10/site-packages/sqlalchemy/util/langhelpers.py", line 70, in __exit__
    compat.raise_(
  File "/home/airflow/.local/lib/python3.10/site-packages/sqlalchemy/util/compat.py", line 211, in raise_
    raise exception
  File "/home/airflow/.local/lib/python3.10/site-packages/sqlalchemy/pool/base.py", line 686, in __connect
    self.dbapi_connection = connection = pool._invoke_creator(self)
  File "/home/airflow/.local/lib/python3.10/site-packages/sqlalchemy/engine/create.py", line 574, in connect
    return dialect.connect(*cargs, **cparams)
  File "/home/airflow/.local/lib/python3.10/site-packages/sqlalchemy/engine/default.py", line 598, in connect
    return self.dbapi.connect(*cargs, **cparams)
  File "/home/airflow/.local/lib/python3.10/site-packages/psycopg2/__init__.py", line 122, in connect
    conn = _connect(dsn, connection_factory=connection_factory, **kwasync)
sqlalchemy.exc.OperationalError: (psycopg2.OperationalError) could not translate host name "postgres" to address: Temporary failure in name resolution

(Background on this error at: https://sqlalche.me/e/14/e3q8)
[2025-06-11T15:58:55.768+0000] {job.py:221} ERROR - Job heartbeat failed with error. Scheduler is in unhealthy state
[2025-06-11T16:01:54.893+0000] {logging_mixin.py:188} INFO - [INFO] No data found in eu.products
[2025-06-11T16:01:56.375+0000] {logging_mixin.py:188} INFO - Starting extraction for table: product_variants in region: eu
[2025-06-11T16:01:56.377+0000] {logging_mixin.py:188} INFO - load_date:::::2025-06-11
[2025-06-11T16:01:58.922+0000] {logging_mixin.py:188} INFO - Vector(spark://5950010ae7c1:44443/jars/spark-snowflake_2.12-2.16.0-spark_3.2.jar, spark://5950010ae7c1:44443/jars/postgresql-42.7.3.jar, spark://5950010ae7c1:44443/jars/snowflake-jdbc-3.13.17.jar)
[2025-06-11T16:02:04.885+0000] {logging_mixin.py:188} INFO - [INFO] No data found in eu.product_variants
[2025-06-11T16:02:05.882+0000] {logging_mixin.py:188} INFO - Starting extraction for table: inventory in region: eu
[2025-06-11T16:02:05.883+0000] {logging_mixin.py:188} INFO - load_date:::::2025-06-11
[2025-06-11T16:02:06.867+0000] {logging_mixin.py:188} INFO - Vector(spark://5950010ae7c1:38311/jars/snowflake-jdbc-3.13.17.jar, spark://5950010ae7c1:38311/jars/postgresql-42.7.3.jar, spark://5950010ae7c1:38311/jars/spark-snowflake_2.12-2.16.0-spark_3.2.jar)
[2025-06-11T16:02:11.252+0000] {logging_mixin.py:188} INFO - [INFO] No data found in eu.inventory
[2025-06-11T16:02:12.241+0000] {logging_mixin.py:188} INFO - Starting extraction for table: customers in region: eu
[2025-06-11T16:02:12.242+0000] {logging_mixin.py:188} INFO - load_date:::::2025-06-11
[2025-06-11T16:02:13.834+0000] {logging_mixin.py:188} INFO - Vector(spark://5950010ae7c1:40361/jars/spark-snowflake_2.12-2.16.0-spark_3.2.jar, spark://5950010ae7c1:40361/jars/snowflake-jdbc-3.13.17.jar, spark://5950010ae7c1:40361/jars/postgresql-42.7.3.jar)
[2025-06-11T16:02:19.866+0000] {logging_mixin.py:188} INFO - [INFO] No data found in eu.customers
[2025-06-11T16:02:20.912+0000] {logging_mixin.py:188} INFO - Starting extraction for table: customer_addresses in region: eu
[2025-06-11T16:02:20.925+0000] {logging_mixin.py:188} INFO - load_date:::::2025-06-11
[2025-06-11T16:02:23.823+0000] {logging_mixin.py:188} INFO - Vector(spark://5950010ae7c1:46717/jars/postgresql-42.7.3.jar, spark://5950010ae7c1:46717/jars/snowflake-jdbc-3.13.17.jar, spark://5950010ae7c1:46717/jars/spark-snowflake_2.12-2.16.0-spark_3.2.jar)
[2025-06-11T16:02:31.552+0000] {logging_mixin.py:188} INFO - [INFO] No data found in eu.customer_addresses
[2025-06-11T16:02:32.629+0000] {logging_mixin.py:188} INFO - Starting extraction for table: marketing_campaigns in region: eu
[2025-06-11T16:02:32.634+0000] {logging_mixin.py:188} INFO - load_date:::::2025-06-11
[2025-06-11T16:02:35.840+0000] {logging_mixin.py:188} INFO - Vector(spark://5950010ae7c1:46785/jars/snowflake-jdbc-3.13.17.jar, spark://5950010ae7c1:46785/jars/postgresql-42.7.3.jar, spark://5950010ae7c1:46785/jars/spark-snowflake_2.12-2.16.0-spark_3.2.jar)
[2025-06-11T16:02:43.150+0000] {logging_mixin.py:188} INFO - [INFO] No data found in eu.marketing_campaigns
[2025-06-11T16:02:44.237+0000] {logging_mixin.py:188} INFO - Starting extraction for table: discounts in region: eu
[2025-06-11T16:02:44.247+0000] {logging_mixin.py:188} INFO - load_date:::::2025-06-11
[2025-06-11T16:02:46.146+0000] {logging_mixin.py:188} INFO - Vector(spark://5950010ae7c1:42449/jars/spark-snowflake_2.12-2.16.0-spark_3.2.jar, spark://5950010ae7c1:42449/jars/snowflake-jdbc-3.13.17.jar, spark://5950010ae7c1:42449/jars/postgresql-42.7.3.jar)
[2025-06-11T16:02:52.311+0000] {logging_mixin.py:188} INFO - [INFO] No data found in eu.discounts
[2025-06-11T16:02:53.128+0000] {logging_mixin.py:188} INFO - Starting extraction for table: shopping_carts in region: eu
[2025-06-11T16:02:53.131+0000] {logging_mixin.py:188} INFO - load_date:::::2025-06-11
[2025-06-11T16:02:55.204+0000] {logging_mixin.py:188} INFO - Vector(spark://5950010ae7c1:39641/jars/postgresql-42.7.3.jar, spark://5950010ae7c1:39641/jars/spark-snowflake_2.12-2.16.0-spark_3.2.jar, spark://5950010ae7c1:39641/jars/snowflake-jdbc-3.13.17.jar)
[2025-06-11T16:03:01.365+0000] {logging_mixin.py:188} INFO - [INFO] No data found in eu.shopping_carts
[2025-06-11T16:03:02.230+0000] {logging_mixin.py:188} INFO - Starting extraction for table: cart_items in region: eu
[2025-06-11T16:03:02.233+0000] {logging_mixin.py:188} INFO - load_date:::::2025-06-11
[2025-06-11T16:03:04.278+0000] {logging_mixin.py:188} INFO - Vector(spark://5950010ae7c1:41169/jars/spark-snowflake_2.12-2.16.0-spark_3.2.jar, spark://5950010ae7c1:41169/jars/snowflake-jdbc-3.13.17.jar, spark://5950010ae7c1:41169/jars/postgresql-42.7.3.jar)
[2025-06-11T16:03:09.434+0000] {logging_mixin.py:188} INFO - [INFO] No data found in eu.cart_items
[2025-06-11T16:03:10.432+0000] {logging_mixin.py:188} INFO - Starting extraction for table: orders in region: eu
[2025-06-11T16:03:10.433+0000] {logging_mixin.py:188} INFO - load_date:::::2025-06-11
[2025-06-11T16:03:11.706+0000] {logging_mixin.py:188} INFO - Vector(spark://5950010ae7c1:33177/jars/spark-snowflake_2.12-2.16.0-spark_3.2.jar, spark://5950010ae7c1:33177/jars/postgresql-42.7.3.jar, spark://5950010ae7c1:33177/jars/snowflake-jdbc-3.13.17.jar)
[2025-06-11T16:03:16.731+0000] {logging_mixin.py:188} INFO - [INFO] No data found in eu.orders
[2025-06-11T16:03:17.705+0000] {logging_mixin.py:188} INFO - Starting extraction for table: order_items in region: eu
[2025-06-11T16:03:17.708+0000] {logging_mixin.py:188} INFO - load_date:::::2025-06-11
[2025-06-11T16:03:18.626+0000] {logging_mixin.py:188} INFO - Vector(spark://5950010ae7c1:45821/jars/postgresql-42.7.3.jar, spark://5950010ae7c1:45821/jars/snowflake-jdbc-3.13.17.jar, spark://5950010ae7c1:45821/jars/spark-snowflake_2.12-2.16.0-spark_3.2.jar)
[2025-06-11T16:03:21.008+0000] {logging_mixin.py:188} INFO - [INFO] No data found in eu.order_items
[2025-06-11T16:03:22.012+0000] {logging_mixin.py:188} INFO - Starting extraction for table: shipments in region: eu
[2025-06-11T16:03:22.013+0000] {logging_mixin.py:188} INFO - load_date:::::2025-06-11
[2025-06-11T16:03:23.182+0000] {logging_mixin.py:188} INFO - Vector(spark://5950010ae7c1:41687/jars/postgresql-42.7.3.jar, spark://5950010ae7c1:41687/jars/snowflake-jdbc-3.13.17.jar, spark://5950010ae7c1:41687/jars/spark-snowflake_2.12-2.16.0-spark_3.2.jar)
[2025-06-11T16:03:27.201+0000] {logging_mixin.py:188} INFO - [INFO] No data found in eu.shipments
[2025-06-11T16:03:28.222+0000] {logging_mixin.py:188} INFO - Starting extraction for table: returns in region: eu
[2025-06-11T16:03:28.223+0000] {logging_mixin.py:188} INFO - load_date:::::2025-06-11
[2025-06-11T16:03:28.931+0000] {logging_mixin.py:188} INFO - Vector(spark://5950010ae7c1:46391/jars/postgresql-42.7.3.jar, spark://5950010ae7c1:46391/jars/spark-snowflake_2.12-2.16.0-spark_3.2.jar, spark://5950010ae7c1:46391/jars/snowflake-jdbc-3.13.17.jar)
[2025-06-11T16:03:32.278+0000] {logging_mixin.py:188} INFO - [INFO] No data found in eu.returns
[2025-06-11T16:03:33.286+0000] {logging_mixin.py:188} INFO - Starting extraction for table: product_reviews in region: eu
[2025-06-11T16:03:33.288+0000] {logging_mixin.py:188} INFO - load_date:::::2025-06-11
[2025-06-11T16:03:34.193+0000] {logging_mixin.py:188} INFO - Vector(spark://5950010ae7c1:34499/jars/postgresql-42.7.3.jar, spark://5950010ae7c1:34499/jars/spark-snowflake_2.12-2.16.0-spark_3.2.jar, spark://5950010ae7c1:34499/jars/snowflake-jdbc-3.13.17.jar)
[2025-06-11T16:03:39.887+0000] {logging_mixin.py:188} INFO - [INFO] No data found in eu.product_reviews
[2025-06-11T16:03:40.908+0000] {logging_mixin.py:188} INFO - Starting extraction for table: payments in region: eu
[2025-06-11T16:03:40.910+0000] {logging_mixin.py:188} INFO - load_date:::::2025-06-11
[2025-06-11T16:03:41.675+0000] {logging_mixin.py:188} INFO - Vector(spark://5950010ae7c1:35377/jars/postgresql-42.7.3.jar, spark://5950010ae7c1:35377/jars/spark-snowflake_2.12-2.16.0-spark_3.2.jar, spark://5950010ae7c1:35377/jars/snowflake-jdbc-3.13.17.jar)
[2025-06-11T16:03:43.801+0000] {logging_mixin.py:188} INFO - [INFO] No data found in eu.payments
[2025-06-11T16:03:44.789+0000] {logging_mixin.py:188} INFO - Starting extraction for table: wishlists in region: eu
[2025-06-11T16:03:44.790+0000] {logging_mixin.py:188} INFO - load_date:::::2025-06-11
[2025-06-11T16:03:45.934+0000] {logging_mixin.py:188} INFO - Vector(spark://5950010ae7c1:36699/jars/snowflake-jdbc-3.13.17.jar, spark://5950010ae7c1:36699/jars/spark-snowflake_2.12-2.16.0-spark_3.2.jar, spark://5950010ae7c1:36699/jars/postgresql-42.7.3.jar)
[2025-06-11T16:03:49.402+0000] {logging_mixin.py:188} INFO - [INFO] No data found in eu.wishlists
[2025-06-11T16:03:50.421+0000] {python.py:201} INFO - Done. Returned value was: None
[2025-06-11T16:03:51.165+0000] {taskinstance.py:1138} INFO - Marking task as SUCCESS. dag_id=extract_postgres_table_to_parquet, task_id=run_extraction_eu, execution_date=20250611T150444, start_date=20250611T155644, end_date=20250611T160351
[2025-06-11T16:03:51.604+0000] {local_task_job_runner.py:234} INFO - Task exited with return code 0
[2025-06-11T16:03:52.229+0000] {taskinstance.py:3280} INFO - 0 downstream tasks scheduled from follow-on schedule check
